<?xml version="1.0" encoding="UTF-8"?>
<!-- Generated by org.testng.reporters.JUnitReportReporter -->
<testsuite skipped="0" hostname="DESKTOP-DB14A24" name="qaclickacademy.validateNavigationBar" tests="1" failures="0" timestamp="2020-05-13T14:36:00 CDT" time="0.121" errors="0">
  <testcase name="basePageNavigation" time="0.121" classname="qaclickacademy.validateNavigationBar"/>
  <system-out/>
</testsuite> <!-- qaclickacademy.validateNavigationBar -->
