<?xml version="1.0" encoding="UTF-8"?>
<!-- Generated by org.testng.reporters.JUnitReportReporter -->
<testsuite skipped="0" hostname="DESKTOP-DB14A24" name="qaclickacademy.validateTitle1" tests="1" failures="0" timestamp="2020-04-09T22:26:06 CDT" time="1.716" errors="0">
  <testcase name="basevalidateTitle" time="1.716" classname="qaclickacademy.validateTitle1"/>
  <system-out/>
</testsuite> <!-- qaclickacademy.validateTitle1 -->
