<?xml version="1.0" encoding="UTF-8"?>
<!-- Generated by org.testng.reporters.JUnitReportReporter -->
<testsuite skipped="0" hostname="DESKTOP-DB14A24" name="qaclickacademy.HomePage" tests="2" failures="0" timestamp="2020-04-18T14:56:34 CDT" time="54.272" errors="0">
  <testcase name="homePageNavigation" time="39.120" classname="qaclickacademy.HomePage"/>
  <system-out/>
  <testcase name="homePageNavigation" time="15.152" classname="qaclickacademy.HomePage"/>
  <system-out/>
</testsuite> <!-- qaclickacademy.HomePage -->
