<?xml version="1.0" encoding="UTF-8"?>
<!-- Generated by org.testng.reporters.JUnitReportReporter -->
<testsuite skipped="0" hostname="DESKTOP-DB14A24" name="qaclickacademy.validateTitle" tests="1" failures="0" timestamp="2020-04-22T02:39:53 CDT" time="0.036" errors="0">
  <testcase name="baseValidateTitle" time="0.036" classname="qaclickacademy.validateTitle"/>
  <system-out/>
</testsuite> <!-- qaclickacademy.validateTitle -->
